<?xml version="1.0" encoding="UTF-8"?>
<!-- Generated by org.testng.reporters.JUnitXMLReporter -->
<testsuite ignored="0" hostname="Mds-MacBook-Pro.attlocal.net" failures="1" tests="16" name="Ebay Test" time="138.48" errors="0" timestamp="24 Mar 2019 16:00:57 GMT">
  <testcase classname="ebayTests.HomeUtilitiesTests" name="businessAndIndustrialUtilityTest" time="3.581"/>
  <testcase classname="ebayTests.HomeUtilitiesTests" name="collectiblesAndArtTest" time="1.266"/>
  <testcase classname="ebayTests.HomeUtilitiesTests" name="dealsUtilityTest" time="1.694"/>
  <testcase classname="ebayTests.HomeUtilitiesTests" name="electronicsUtilityTest" time="2.697"/>
  <testcase classname="ebayTests.HomeUtilitiesTests" name="fashionUtilityTest" time="2.587"/>
  <testcase classname="ebayTests.HomeUtilitiesTests" name="homeAndGardenTest" time="1.774"/>
  <testcase classname="ebayTests.HomeUtilitiesTests" name="homeButtonTest" time="0.06"/>
  <testcase classname="ebayTests.HomeUtilitiesTests" name="motorsUtilTest" time="1.633"/>
  <testcase classname="ebayTests.HomeUtilitiesTests" name="musicUtilityTest" time="1.556"/>
  <testcase classname="ebayTests.HomeUtilitiesTests" name="savedUtilityTest" time="10.034">
    <failure type="org.openqa.selenium.NoSuchElementException" message="no such element: Unable to locate element: {&amp;quot;method&amp;quot;:&amp;quot;xpath&amp;quot;,&amp;quot;selector&amp;quot;:&amp;quot;//a[contains(text(), &amp;apos;Saved&amp;apos;) and @href=&amp;apos;/feed&amp;apos;]&amp;quot;}
  (Session info: chrome=73.0.3683.86)
  (Driver info: chromedriver=73.0.3683.68 (47787ec04b6e38e22703e856e101e840b65afe72),platform=Mac OS X 10.14.3 x86_64) (WARNING: The server did not provide any stacktrace information)
Command duration or timeout: 0 milliseconds
For documentation on this error, please visit: https://www.seleniumhq.org/exceptions/no_such_element.html
Build info: version: &amp;apos;3.141.59&amp;apos;, revision: &amp;apos;e82be7d358&amp;apos;, time: &amp;apos;2018-11-14T08:17:03&amp;apos;
System info: host: &amp;apos;Mds-MacBook-Pro.attlocal.net&amp;apos;, ip: &amp;apos;2600:1700:7730:10c0:0:0:0:37%en0&amp;apos;, os.name: &amp;apos;Mac OS X&amp;apos;, os.arch: &amp;apos;x86_64&amp;apos;, os.version: &amp;apos;10.14.3&amp;apos;, java.version: &amp;apos;11.0.2&amp;apos;
Driver info: org.openqa.selenium.chrome.ChromeDriver
Capabilities {acceptInsecureCerts: false, acceptSslCerts: false, applicationCacheEnabled: false, browserConnectionEnabled: false, browserName: chrome, chrome: {chromedriverVersion: 73.0.3683.68 (47787ec04b6e3..., userDataDir: /var/folders/j4/vzdsqcyj4qz...}, cssSelectorsEnabled: true, databaseEnabled: false, goog:chromeOptions: {debuggerAddress: localhost:61087}, handlesAlerts: true, hasTouchScreen: false, javascriptEnabled: true, locationContextEnabled: true, mobileEmulationEnabled: false, nativeEvents: true, networkConnectionEnabled: false, pageLoadStrategy: normal, platform: MAC, platformName: MAC, proxy: Proxy(), rotatable: false, setWindowRect: true, strictFileInteractability: false, takesHeapSnapshot: true, takesScreenshot: true, timeouts: {implicit: 0, pageLoad: 300000, script: 30000}, unexpectedAlertBehaviour: ignore, unhandledPromptBehavior: ignore, version: 73.0.3683.86, webStorageEnabled: true}
Session ID: e21d575da281d564907bf394ee2ad5c8
*** Element info: {Using=xpath, value=//a[contains(text(), &amp;apos;Saved&amp;apos;) and @href=&amp;apos;/feed&amp;apos;]}">
      <![CDATA[org.openqa.selenium.NoSuchElementException: no such element: Unable to locate element: {"method":"xpath","selector":"//a[contains(text(), 'Saved') and @href='/feed']"}
  (Session info: chrome=73.0.3683.86)
  (Driver info: chromedriver=73.0.3683.68 (47787ec04b6e38e22703e856e101e840b65afe72),platform=Mac OS X 10.14.3 x86_64) (WARNING: The server did not provide any stacktrace information)
Command duration or timeout: 0 milliseconds
For documentation on this error, please visit: https://www.seleniumhq.org/exceptions/no_such_element.html
Build info: version: '3.141.59', revision: 'e82be7d358', time: '2018-11-14T08:17:03'
System info: host: 'Mds-MacBook-Pro.attlocal.net', ip: '2600:1700:7730:10c0:0:0:0:37%en0', os.name: 'Mac OS X', os.arch: 'x86_64', os.version: '10.14.3', java.version: '11.0.2'
Driver info: org.openqa.selenium.chrome.ChromeDriver
Capabilities {acceptInsecureCerts: false, acceptSslCerts: false, applicationCacheEnabled: false, browserConnectionEnabled: false, browserName: chrome, chrome: {chromedriverVersion: 73.0.3683.68 (47787ec04b6e3..., userDataDir: /var/folders/j4/vzdsqcyj4qz...}, cssSelectorsEnabled: true, databaseEnabled: false, goog:chromeOptions: {debuggerAddress: localhost:61087}, handlesAlerts: true, hasTouchScreen: false, javascriptEnabled: true, locationContextEnabled: true, mobileEmulationEnabled: false, nativeEvents: true, networkConnectionEnabled: false, pageLoadStrategy: normal, platform: MAC, platformName: MAC, proxy: Proxy(), rotatable: false, setWindowRect: true, strictFileInteractability: false, takesHeapSnapshot: true, takesScreenshot: true, timeouts: {implicit: 0, pageLoad: 300000, script: 30000}, unexpectedAlertBehaviour: ignore, unhandledPromptBehavior: ignore, version: 73.0.3683.86, webStorageEnabled: true}
Session ID: e21d575da281d564907bf394ee2ad5c8
*** Element info: {Using=xpath, value=//a[contains(text(), 'Saved') and @href='/feed']}
at org.openqa.selenium.remote.ErrorHandler.createThrowable(ErrorHandler.java:214)
at org.openqa.selenium.remote.ErrorHandler.throwIfResponseFailed(ErrorHandler.java:166)
at org.openqa.selenium.remote.http.JsonHttpResponseCodec.reconstructValue(JsonHttpResponseCodec.java:40)
at org.openqa.selenium.remote.http.AbstractHttpResponseCodec.decode(AbstractHttpResponseCodec.java:80)
at org.openqa.selenium.remote.http.AbstractHttpResponseCodec.decode(AbstractHttpResponseCodec.java:44)
at org.openqa.selenium.remote.HttpCommandExecutor.execute(HttpCommandExecutor.java:158)
at org.openqa.selenium.remote.service.DriverCommandExecutor.execute(DriverCommandExecutor.java:83)
at org.openqa.selenium.remote.RemoteWebDriver.execute(RemoteWebDriver.java:552)
at org.openqa.selenium.remote.RemoteWebDriver.findElement(RemoteWebDriver.java:323)
at org.openqa.selenium.remote.RemoteWebDriver.findElementByXPath(RemoteWebDriver.java:428)
at org.openqa.selenium.By$ByXPath.findElement(By.java:353)
at org.openqa.selenium.remote.RemoteWebDriver.findElement(RemoteWebDriver.java:315)
at org.openqa.selenium.support.pagefactory.DefaultElementLocator.findElement(DefaultElementLocator.java:69)
at org.openqa.selenium.support.pagefactory.internal.LocatingElementHandler.invoke(LocatingElementHandler.java:38)
at com.sun.proxy.$Proxy10.click(Unknown Source)
at ebayUtil.HomepageUtilities.savedUtility(HomepageUtilities.java:40)
at ebayTests.HomeUtilitiesTests.savedUtilityTest(HomeUtilitiesTests.java:24)
... Removed 33 stack frames]]>
    </failure>
  </testcase> <!-- savedUtilityTest -->
  <testcase classname="ebayTests.HomeUtilitiesTests" name="sportingGoodsTest" time="3.516"/>
  <testcase classname="ebayTests.HomeUtilitiesTests" name="toysUtilityTest" time="1.692"/>
  <testcase classname="ebayTests.HomeUtilitiesTests" name="under10utilityTest" time="1.37"/>
  <testcase classname="ebayTests.PurchseTest" name="purchaseAnItemTest" time="9.484"/>
  <testcase classname="ebayTests.signInTest" name="registerTest" time="4.373"/>
  <testcase classname="ebayTests.signInTest" name="signInTest" time="4.431"/>
</testsuite> <!-- Ebay Test -->
